<?xml version="1.0" encoding="UTF-8"?>
<testng-results ignored="0" total="1" passed="1" failed="0" skipped="0">
  <reporter-output>
  </reporter-output>
  <suite started-at="2024-10-09T08:11:41 IST" name="Default suite" finished-at="2024-10-09T08:11:44 IST" duration-ms="3068">
    <groups>
    </groups>
    <test started-at="2024-10-09T08:11:41 IST" name="Default test" finished-at="2024-10-09T08:11:44 IST" duration-ms="3068">
      <class name="check.UserTest">
        <test-method signature="usertest()[pri:0, instance:check.UserTest@55182842]" started-at="2024-10-09T08:11:41 IST" name="usertest" finished-at="2024-10-09T08:11:44 IST" duration-ms="3000" status="PASS">
          <reporter-output>
          </reporter-output>
        </test-method> <!-- usertest -->
      </class> <!-- check.UserTest -->
    </test> <!-- Default test -->
  </suite> <!-- Default suite -->
</testng-results>
